<?xml version="1.0" encoding="UTF-8"?>
<!-- Generated by org.testng.reporters.JUnitReportReporter -->
<testsuite hostname="Feride-Air.home" name="com.hubspot.tests.LoginPagePFTest" tests="1" failures="0" timestamp="14 Mar 2020 01:22:46 GMT" time="12.656" errors="0">
  <testcase name="loginTest" time="12.656" classname="com.hubspot.tests.LoginPagePFTest"/>
</testsuite> <!-- com.hubspot.tests.LoginPagePFTest -->
