<?xml version="1.0" encoding="UTF-8"?>
<!-- Generated by org.testng.reporters.JUnitReportReporter -->
<testsuite skipped="0" hostname="Feride-Air.home" name="com.hubspot.tests.ContactsPageTest" tests="5" failures="0" timestamp="2020-04-04T07:48:37 EDT" time="159.379" errors="0">
  <testcase name="verifyContactPageTitle" time="16.985" classname="com.hubspot.tests.ContactsPageTest"/>
  <system-out/>
  <testcase name="createNewContactTest" time="37.275" classname="com.hubspot.tests.ContactsPageTest"/>
  <system-out/>
  <testcase name="createNewContactTest" time="34.613" classname="com.hubspot.tests.ContactsPageTest"/>
  <system-out/>
  <testcase name="createNewContactTest" time="34.415" classname="com.hubspot.tests.ContactsPageTest"/>
  <system-out/>
  <testcase name="createNewContactTest" time="36.091" classname="com.hubspot.tests.ContactsPageTest"/>
  <system-out/>
</testsuite> <!-- com.hubspot.tests.ContactsPageTest -->
