<?xml version="1.0" encoding="UTF-8"?>
<!-- Generated by org.testng.reporters.JUnitReportReporter -->
<testsuite skipped="0" hostname="Feride-Air.home" name="com.hubspot.tests.LoginPageTest" tests="3" failures="0" timestamp="2020-04-04T07:48:37 EDT" time="36.770" errors="0">
  <testcase name="getTitle" time="13.079" classname="com.hubspot.tests.LoginPageTest"/>
  <system-out/>
  <testcase name="loginTest" time="11.123" classname="com.hubspot.tests.LoginPageTest"/>
  <system-out/>
  <testcase name="loginTest2" time="12.568" classname="com.hubspot.tests.LoginPageTest"/>
  <system-out/>
</testsuite> <!-- com.hubspot.tests.LoginPageTest -->
