<?xml version="1.0" encoding="UTF-8"?>
<!-- Generated by org.testng.reporters.JUnitReportReporter -->
<testsuite skipped="0" hostname="Feride-Air.home" name="com.hubspot.tests.HomePageTest" tests="2" failures="0" timestamp="2020-04-04T07:48:37 EDT" time="34.824" errors="0">
  <testcase name="verifyHomePageTitle" time="18.815" classname="com.hubspot.tests.HomePageTest"/>
  <system-out/>
  <testcase name="getHomePageHeader" time="16.009" classname="com.hubspot.tests.HomePageTest"/>
  <system-out/>
</testsuite> <!-- com.hubspot.tests.HomePageTest -->
